Terminal log file
Date: 26.02.2019 - 20:06:38
-----------------------------------------------
5C 01 5C 01 FB 01 FB 01 FB 01 FB 01 0B 02 0B 02 
D3 01 D3 01 F3 01 F3 01 FB 01 FB 01 13 02 13 02 
52 02 52 02 FB 01 FB 01 03 02 03 02 03 02 03 02 
32 02 32 02 22 02 22 02 52 02 52 02 3A 02 3A 02 
2A 02 2A 02 62 02 62 02 03 02 03 02 72 02 72 02 
3A 02 3A 02 4A 02 4A 02 F3 01 F3 01 D3 01 D3 01 
74 01 74 01 3D 01 3D 01 F5 00 F5 00 8C 01 8C 01 
54 01 54 01 B3 01 B3 01 6C 01 6C 01 7C 01 7C 01 
4C 01 4C 01 35 01 35 01 35 01 35 01 3D 01 3D 01 
3D 01 3D 01 2D 01 2D 01 6C 01 6C 01 1D 01 1D 01 
74 01 74 01 25 01 25 01 C6 00 C6 00 7E 00 7E 00 
37 00 37 00 7E 00 7E 00 76 00 76 00 86 00 86 00 
96 00 96 00 6F 00 6F 00 47 00 47 00 3F 00 3F 00 
2F 00 2F 00 D8 FF D8 FF B0 FF B0 FF 99 FF 99 FF 
51 FF 51 FF 2A FF 2A FF CB FE CB FE 0A FF 0A FF 
FA FE FA FE 12 FF 12 FF EA FE EA FE CB FE CB FE 
D8 FF D8 FF 1F 00 1F 00 00 00 00 00 08 00 08 00 
F8 FF F8 FF 08 00 08 00 27 00 27 00 D0 FF D0 FF 
0F 00 0F 00 17 00 17 00 08 00 08 00 E0 FF E0 FF 
00 00 00 00 00 00 00 00 B8 FF B8 FF E8 FF E8 FF 
F0 FF F0 FF D8 FF D8 FF 4F 00 4F 00 E0 FF E0 FF 
37 00 37 00 0F 00 0F 00 08 00 08 00 27 00 27 00 
27 00 27 00 1F 00 1F 00 E8 FF E8 FF 00 00 00 00 
D0 FF D0 FF E0 FF E0 FF E0 FF E0 FF E8 FF E8 FF 
00 00 00 00 17 00 17 00 C8 FF C8 FF 00 00 00 00 
08 00 08 00 D8 FF D8 FF 00 00 00 00 27 00 27 00 
F0 FF F0 FF F8 FF F8 FF E8 FF E8 FF C8 FF C8 FF 
1F 00 1F 00 F0 FF F0 FF 57 00 57 00 37 00 37 00 
82 02 82 02 D1 02 D1 02 08 03 08 03 B7 03 B7 03 
97 03 97 03 9F 03 9F 03 87 03 87 03 67 03 67 03 
6F 03 6F 03 77 03 77 03 10 03 10 03 10 03 10 03 
C9 02 C9 02 D3 01 D3 01 3D 01 3D 01 2D 01 2D 01 
D6 00 D6 00 B6 00 B6 00 47 00 47 00 76 00 76 00 
47 00 47 00 1F 00 1F 00 D8 FF D8 FF 89 FF 89 FF 
D0 FF D0 FF D0 FF D0 FF C8 FF C8 FF C0 FF C0 FF 
41 FF 41 FF FA FE FA FE 8B FE 8B FE A3 FE A3 FE 
54 FE 54 FE 44 FE 44 FE 3C FE 3C FE 44 FE 44 FE 
24 FE 24 FE 96 FD 96 FD 86 FD 86 FD 7E FD 7E FD 
3E FD 3E FD 86 FD 86 FD F5 FD F5 FD B5 FD B5 FD 
0F FD 0F FD 5E FD 5E FD 3E FD 3E FD DD FD DD FD 
2C FE 2C FE A3 FE A3 FE B3 FE B3 FE 83 FE 83 FE 
8B FE 8B FE C3 FE C3 FE B3 FE B3 FE 49 FF 49 FF 
69 FF 69 FF 51 FF 51 FF 8B FE 8B FE 4C FE 4C FE 
C5 FD C5 FD 9D FD 9D FD F5 FD F5 FD 2C FE 2C FE 
14 FE 14 FE 54 FE 54 FE FD FD FD FD AD FD AD FD 
FD FD FD FD 83 FE 83 FE 12 FF 12 FF A8 FF A8 FF 
A8 FF A8 FF D0 FF D0 FF 91 FF 91 FF 79 FF 79 FF 
E0 FF E0 FF 17 00 17 00 6F 00 6F 00 D0 FF D0 FF 
00 00 00 00 B0 FF B0 FF 91 FF 91 FF 59 FF 59 FF 
32 FF 32 FF 1A FF 1A FF 12 FF 12 FF 4C FE 4C FE 
8E FD 8E FD 07 FD 07 FD 31 FC 31 FC C2 FB C2 FB 
EA FB EA FB 11 FC 11 FC B8 FC B8 FC 07 FD 07 FD 
1F FD 1F FD 1F FD 1F FD 07 FD 07 FD ED FD ED FD 
64 FE 64 FE F2 FE F2 FE 71 FF 71 FF 08 00 08 00 
17 00 17 00 08 00 08 00 37 00 37 00 4F 00 4F 00 
7E 00 7E 00 76 00 76 00 86 00 86 00 AE 00 AE 00 
86 00 86 00 1F 00 1F 00 08 00 08 00 D0 FF D0 FF 
69 FF 69 FF 49 FF 49 FF 0A FF 0A FF F2 FE F2 FE 
22 FF 22 FF F2 FE F2 FE EA FE EA FE 2A FF 2A FF 
41 FF 41 FF 69 FF 69 FF 00 00 00 00 81 FF 81 FF 
B0 FF B0 FF F8 FF F8 FF 0F 00 0F 00 5F 00 5F 00 
47 00 47 00 BE 00 BE 00 E0 FF E0 FF C0 FF C0 FF 
02 FF 02 FF 0A FF 0A FF 02 FF 02 FF A3 FE A3 FE 
A3 FE A3 FE 7B FE 7B FE 14 FE 14 FE BD FD BD FD 
B5 FD B5 FD 96 FD 96 FD A5 FD A5 FD 44 FE 44 FE 
6B FE 6B FE 44 FE 44 FE 44 FE 44 FE 0C FE 0C FE 
24 FE 24 FE B3 FE B3 FE 12 FF 12 FF 2A FF 2A FF 
51 FF 51 FF 91 FF 91 FF 89 FF 89 FF E8 FF E8 FF 
8E 00 8E 00 ED 00 ED 00 4C 01 4C 01 15 01 15 01 
D6 00 D6 00 67 00 67 00 57 00 57 00 57 00 57 00 
CE 00 CE 00 35 01 35 01 74 01 74 01 74 01 74 01 
35 01 35 01 1D 01 1D 01 7C 01 7C 01 0B 02 0B 02 
62 02 62 02 72 02 72 02 4A 02 4A 02 DB 01 DB 01 
EB 01 EB 01 99 02 99 02 42 02 42 02 22 02 22 02 
F3 01 F3 01 35 01 35 01 9E 00 9E 00 86 00 86 00 
57 00 57 00 67 00 67 00 0F 00 0F 00 2A FF 2A FF 
CB FE CB FE 83 FE 83 FE 34 FE 34 FE 6B FE 6B FE 
54 FE 54 FE 3C FE 3C FE 4C FE 4C FE F5 FD F5 FD 
24 FE 24 FE ED FD ED FD 7B FE 7B FE AB FE AB FE 
DA FE DA FE 2A FF 2A FF 49 FF 49 FF B0 FF B0 FF 
E8 FF E8 FF 4F 00 4F 00 86 00 86 00 96 00 96 00 
2F 00 2F 00 47 00 47 00 86 00 86 00 7E 00 7E 00 
6F 00 6F 00 08 00 08 00 00 00 00 00 A1 FF A1 FF 
E8 FF E8 FF 57 00 57 00 4F 00 4F 00 37 00 37 00 
37 00 37 00 1F 00 1F 00 57 00 57 00 96 00 96 00 
A6 00 A6 00 05 01 05 01 0D 01 0D 01 45 01 45 01 
86 00 86 00 A6 00 A6 00 F5 00 F5 00 CB 01 CB 01 
32 02 32 02 0B 02 0B 02 AC 01 AC 01 7C 01 7C 01 
25 01 25 01 2D 01 2D 01 5C 01 5C 01 54 01 54 01 
35 01 35 01 86 00 86 00 57 00 57 00 E8 FF E8 FF 
D0 FF D0 FF F0 FF F0 FF 00 00 00 00 27 00 27 00 
5F 00 5F 00 67 00 67 00 5F 00 5F 00 8E 00 8E 00 
9E 00 9E 00 5F 00 5F 00 05 01 05 01 8E 00 8E 00 
7E 00 7E 00 8E 00 8E 00 67 00 67 00 DE 00 DE 00 
27 00 27 00 7E 00 7E 00 76 00 76 00 ED 00 ED 00 
C6 00 C6 00 B6 00 B6 00 B6 00 B6 00 86 00 86 00 
86 00 86 00 76 00 76 00 7E 00 7E 00 96 00 96 00 
76 00 76 00 57 00 57 00 0F 00 0F 00 4F 00 4F 00 
96 00 96 00 1F 00 1F 00 67 00 67 00 47 00 47 00 
86 00 86 00 67 00 67 00 47 00 47 00 A8 FF A8 FF 
99 FF 99 FF 89 FF 89 FF 49 FF 49 FF 0A FF 0A FF 
1A FF 1A FF 22 FF 22 FF 02 FF 02 FF 2A FF 2A FF 
49 FF 49 FF 79 FF 79 FF 1A FF 1A FF E8 FF E8 FF 
E0 FF E0 FF B0 FF B0 FF 00 00 00 00 1F 00 1F 00 
1F 00 1F 00 5F 00 5F 00 76 00 76 00 C6 00 C6 00 
05 01 05 01 1D 01 1D 01 8C 01 8C 01 BB 01 BB 01 
1A 02 1A 02 42 02 42 02 99 02 99 02 89 02 89 02 
99 02 99 02 3A 02 3A 02 4A 02 4A 02 0B 02 0B 02 
03 02 03 02 1A 02 1A 02 8C 01 8C 01 C3 01 C3 01 
2D 01 2D 01 AE 00 AE 00 ED 00 ED 00 37 00 37 00 
67 00 67 00 4F 00 4F 00 37 00 37 00 08 00 08 00 
37 00 37 00 B0 FF B0 FF 00 00 00 00 C0 FF C0 FF 
C8 FF C8 FF E0 FF E0 FF C8 FF C8 FF 37 00 37 00 
8E 00 8E 00 67 00 67 00 57 00 57 00 F8 FF F8 FF 
89 FF 89 FF A8 FF A8 FF 99 FF 99 FF 99 FF 99 FF 
B8 FF B8 FF C8 FF C8 FF A8 FF A8 FF 49 FF 49 FF 
0A FF 0A FF CB FE CB FE 2A FF 2A FF FA FE FA FE 
D2 FE D2 FE 32 FF 32 FF 22 FF 22 FF 0A FF 0A FF 
DA FE DA FE B3 FE B3 FE A3 FE A3 FE 8B FE 8B FE 
F2 FE F2 FE DA FE DA FE DA FE DA FE F2 FE F2 FE 
AB FE AB FE CB FE CB FE 73 FE 73 FE C3 FE C3 FE 
8B FE 8B FE EA FE EA FE 02 FF 02 FF 61 FF 61 FF 
51 FF 51 FF 59 FF 59 FF 1A FF 1A FF 89 FF 89 FF 
2A FF 2A FF 79 FF 79 FF 69 FF 69 FF A8 FF A8 FF 
E8 FF E8 FF E0 FF E0 FF 00 00 00 00 0F 00 0F 00 
F0 FF F0 FF B8 FF B8 FF F0 FF F0 FF B8 FF B8 FF 
E0 FF E0 FF 08 00 08 00 3F 00 3F 00 F0 FF F0 FF 
4F 00 4F 00 08 00 08 00 F8 FF F8 FF 0F 00 0F 00 
00 00 00 00 A8 FF A8 FF C0 FF C0 FF 99 FF 99 FF 
E8 FF E8 FF E8 FF E8 FF E8 FF E8 FF E8 FF E8 FF 
E0 FF E0 FF B8 FF B8 FF 1F 00 1F 00 A1 FF A1 FF 
A1 FF A1 FF 51 FF 51 FF A1 FF A1 FF 61 FF 61 FF 
C0 FF C0 FF D0 FF D0 FF 81 FF 81 FF 51 FF 51 FF 
0A FF 0A FF A3 FE A3 FE D2 FE D2 FE E2 FE E2 FE 
F2 FE F2 FE C3 FE C3 FE 02 FF 02 FF 22 FF 22 FF 
1A FF 1A FF 41 FF 41 FF 69 FF 69 FF E2 FE E2 FE 
12 FF 12 FF 32 FF 32 FF E2 FE E2 FE EA FE EA FE 
BB FE BB FE BB FE BB FE C3 FE C3 FE F2 FE F2 FE 
EA FE EA FE B3 FE B3 FE F2 FE F2 FE DA FE DA FE 
FA FE FA FE 02 FF 02 FF 71 FF 71 FF C0 FF C0 FF 
47 00 47 00 4F 00 4F 00 4F 00 4F 00 AE 00 AE 00 
C6 00 C6 00 FD 00 FD 00 DE 00 DE 00 15 01 15 01 
E5 00 E5 00 F5 00 F5 00 DE 00 DE 00 BE 00 BE 00 
05 01 05 01 AE 00 AE 00 DE 00 DE 00 DE 00 DE 00 
25 01 25 01 D6 00 D6 00 15 01 15 01 B6 00 B6 00 
C6 00 C6 00 35 01 35 01 BE 00 BE 00 D6 00 D6 00 
A6 00 A6 00 96 00 96 00 27 00 27 00 F0 FF F0 FF 
A1 FF A1 FF A8 FF A8 FF F0 FF F0 FF 61 FF 61 FF 
99 FF 99 FF 69 FF 69 FF 81 FF 81 FF 79 FF 79 FF 
49 FF 49 FF 49 FF 49 FF 1A FF 1A FF 02 FF 02 FF 
AB FE AB FE D2 FE D2 FE E2 FE E2 FE 02 FF 02 FF 
22 FF 22 FF 71 FF 71 FF 69 FF 69 FF 59 FF 59 FF 
61 FF 61 FF 71 FF 71 FF 81 FF 81 FF 51 FF 51 FF 
61 FF 61 FF 0A FF 0A FF 3A FF 3A FF 1A FF 1A FF 
51 FF 51 FF 49 FF 49 FF 49 FF 49 FF 02 FF 02 FF 
3A FF 3A FF CB FE CB FE 32 FF 32 FF FA FE FA FE 
0A FF 0A FF D2 FE D2 FE B3 FE B3 FE 93 FE 93 FE 
AB FE AB FE 73 FE 73 FE 22 FF 22 FF 71 FF 71 FF 
3A FF 3A FF E0 FF E0 FF A8 FF A8 FF F8 FF F8 FF 
4F 00 4F 00 7E 00 7E 00 57 00 57 00 8E 00 8E 00 
4F 00 4F 00 86 00 86 00 0F 00 0F 00 F0 FF F0 FF 
99 FF 99 FF C0 FF C0 FF C0 FF C0 FF 3F 00 3F 00 
37 00 37 00 6F 00 6F 00 F8 FF F8 FF 4F 00 4F 00 
5F 00 5F 00 F5 00 F5 00 CE 00 CE 00 15 01 15 01 
ED 00 ED 00 15 01 15 01 C6 00 C6 00 BE 00 BE 00 
DE 00 DE 00 A6 00 A6 00 86 00 86 00 7E 00 7E 00 
F8 FF F8 FF 08 00 08 00 2F 00 2F 00 4F 00 4F 00 
76 00 76 00 67 00 67 00 2F 00 2F 00 1F 00 1F 00 
17 00 17 00 1F 00 1F 00 37 00 37 00 27 00 27 00 
47 00 47 00 4F 00 4F 00 67 00 67 00 57 00 57 00 
27 00 27 00 3F 00 3F 00 E8 FF E8 FF 0F 00 0F 00 
08 00 08 00 17 00 17 00 00 00 00 00 F0 FF F0 FF 
99 FF 99 FF 81 FF 81 FF FA FE FA FE D2 FE D2 FE 
FA FE FA FE F2 FE F2 FE 1A FF 1A FF 0A FF 0A FF 
12 FF 12 FF FA FE FA FE 32 FF 32 FF 2A FF 2A FF 
D2 FE D2 FE 22 FF 22 FF 3A FF 3A FF 2A FF 2A FF 
3A FF 3A FF 1A FF 1A FF B3 FE B3 FE 02 FF 02 FF 
E2 FE E2 FE 99 FF 99 FF E0 FF E0 FF B8 FF B8 FF 
B0 FF B0 FF 59 FF 59 FF 99 FF 99 FF A1 FF A1 FF 
71 FF 71 FF E0 FF E0 FF 41 FF 41 FF 79 FF 79 FF 
1A FF 1A FF 81 FF 81 FF 51 FF 51 FF A1 FF A1 FF 
A1 FF A1 FF 91 FF 91 FF D8 FF D8 FF 08 00 08 00 
37 00 37 00 47 00 47 00 00 00 00 00 F0 FF F0 FF 
67 00 67 00 8E 00 8E 00 BE 00 BE 00 AE 00 AE 00 
CE 00 CE 00 76 00 76 00 7E 00 7E 00 5F 00 5F 00 
57 00 57 00 1F 00 1F 00 57 00 57 00 1F 00 1F 00 
00 00 00 00 27 00 27 00 0F 00 0F 00 37 00 37 00 
00 00 00 00 F8 FF F8 FF 61 FF 61 FF 22 FF 22 FF 
71 FF 71 FF 32 FF 32 FF 61 FF 61 FF 93 FE 93 FE 
0A FF 0A FF 02 FF 02 FF 02 FF 02 FF EA FE EA FE 
DA FE DA FE 02 FF 02 FF B3 FE B3 FE EA FE EA FE 
D2 FE D2 FE B3 FE B3 FE B3 FE B3 FE 83 FE 83 FE 
73 FE 73 FE 93 FE 93 FE 3C FE 3C FE B3 FE B3 FE 
A3 FE A3 FE D2 FE D2 FE 8B FE 8B FE 93 FE 93 FE 
64 FE 64 FE BB FE BB FE CB FE CB FE 2A FF 2A FF 
12 FF 12 FF 0A FF 0A FF 1A FF 1A FF AB FE AB FE 
FA FE FA FE 0A FF 0A FF F2 FE F2 FE B3 FE B3 FE 
0A FF 0A FF FA FE FA FE 02 FF 02 FF 1A FF 1A FF 
CB FE CB FE 2A FF 2A FF 61 FF 61 FF 41 FF 41 FF 
A1 FF A1 FF A8 FF A8 FF 79 FF 79 FF B0 FF B0 FF 
C8 FF C8 FF 3F 00 3F 00 F0 FF F0 FF 1F 00 1F 00 
00 00 00 00 2F 00 2F 00 0F 00 0F 00 2F 00 2F 00 
17 00 17 00 1F 00 1F 00 E8 FF E8 FF D0 FF D0 FF 
D0 FF D0 FF E8 FF E8 FF 81 FF 81 FF E8 FF E8 FF 
B0 FF B0 FF A8 FF A8 FF 91 FF 91 FF 79 FF 79 FF 
99 FF 99 FF 89 FF 89 FF 00 00 00 00 17 00 17 00 
D0 FF D0 FF 0F 00 0F 00 C8 FF C8 FF E8 FF E8 FF 
00 00 00 00 67 00 67 00 A6 00 A6 00 8E 00 8E 00 
25 01 25 01 CE 00 CE 00 05 01 05 01 C6 00 C6 00 
D6 00 D6 00 DE 00 DE 00 C6 00 C6 00 54 01 54 01 
3D 01 3D 01 FD 00 FD 00 BE 00 BE 00 E5 00 E5 00 
57 00 57 00 A6 00 A6 00 6F 00 6F 00 8E 00 8E 00 
27 00 27 00 E0 FF E0 FF 0F 00 0F 00 D0 FF D0 FF 
0F 00 0F 00 D8 FF D8 FF E8 FF E8 FF 89 FF 89 FF 
99 FF 99 FF C0 FF C0 FF 59 FF 59 FF 99 FF 99 FF 
A8 FF A8 FF 99 FF 99 FF A8 FF A8 FF 99 FF 99 FF 
99 FF 99 FF 69 FF 69 FF 61 FF 61 FF 89 FF 89 FF 
D8 FF D8 FF E0 FF E0 FF F8 FF F8 FF D8 FF D8 FF 
B8 FF B8 FF 71 FF 71 FF 99 FF 99 FF 81 FF 81 FF 
81 FF 81 FF 79 FF 79 FF B0 FF B0 FF 69 FF 69 FF 
61 FF 61 FF B8 FF B8 FF 89 FF 89 FF 99 FF 99 FF 
D0 FF D0 FF 81 FF 81 FF 61 FF 61 FF 61 FF 61 FF 
22 FF 22 FF EA FE EA FE DA FE DA FE E2 FE E2 FE 
EA FE EA FE 1A FF 1A FF EA FE EA FE BB FE BB FE 
D2 FE D2 FE AB FE AB FE CB FE CB FE 3A FF 3A FF 
61 FF 61 FF 91 FF 91 FF 3A FF 3A FF 41 FF 41 FF 
51 FF 51 FF 51 FF 51 FF 61 FF 61 FF 51 FF 51 FF 
81 FF 81 FF A1 FF A1 FF C0 FF C0 FF B0 FF B0 FF 
A8 FF A8 FF 00 00 00 00 D0 FF D0 FF 3F 00 3F 00 
17 00 17 00 17 00 17 00 2F 00 2F 00 D8 FF D8 FF 
47 00 47 00 D0 FF D0 FF 4F 00 4F 00 5F 00 5F 00 
67 00 67 00 9E 00 9E 00 7E 00 7E 00 4F 00 4F 00 
37 00 37 00 86 00 86 00 C6 00 C6 00 BE 00 BE 00 
9E 00 9E 00 96 00 96 00 A6 00 A6 00 BE 00 BE 00 
AE 00 AE 00 B6 00 B6 00 A6 00 A6 00 DE 00 DE 00 
15 01 15 01 CE 00 CE 00 E5 00 E5 00 DE 00 DE 00 
7E 00 7E 00 96 00 96 00 96 00 96 00 A6 00 A6 00 
47 00 47 00 5F 00 5F 00 1F 00 1F 00 27 00 27 00 
0F 00 0F 00 E0 FF E0 FF C8 FF C8 FF C0 FF C0 FF 
41 FF 41 FF 69 FF 69 FF 51 FF 51 FF 49 FF 49 FF 
22 FF 22 FF 0A FF 0A FF 0A FF 0A FF 0A FF 0A FF 
E2 FE E2 FE E2 FE E2 FE E2 FE E2 FE 22 FF 22 FF 
32 FF 32 FF 81 FF 81 FF C0 FF C0 FF B0 FF B0 FF 
C8 FF C8 FF A8 FF A8 FF B8 FF B8 FF D0 FF D0 FF 
A1 FF A1 FF C0 FF C0 FF B0 FF B0 FF 3A FF 3A FF 
1A FF 1A FF D2 FE D2 FE 3A FF 3A FF 2A FF 2A FF 
1A FF 1A FF BB FE BB FE F2 FE F2 FE AB FE AB FE 
EA FE EA FE E2 FE E2 FE 12 FF 12 FF 2A FF 2A FF 
F2 FE F2 FE CB FE CB FE 49 FF 49 FF 3A FF 3A FF 
89 FF 89 FF C8 FF C8 FF E8 FF E8 FF E0 FF E0 FF 
69 FF 69 FF D0 FF D0 FF D0 FF D0 FF E0 FF E0 FF 
B8 FF B8 FF 17 00 17 00 A1 FF A1 FF E8 FF E8 FF 
D8 FF D8 FF 0F 00 0F 00 08 00 08 00 7E 00 7E 00 
57 00 57 00 AE 00 AE 00 5F 00 5F 00 1F 00 1F 00 
86 00 86 00 27 00 27 00 76 00 76 00 37 00 37 00 
CE 00 CE 00 4F 00 4F 00 8E 00 8E 00 86 00 86 00 
37 00 37 00 27 00 27 00 0F 00 0F 00 3F 00 3F 00 
00 00 00 00 37 00 37 00 08 00 08 00 D0 FF D0 FF 
69 FF 69 FF B0 FF B0 FF 51 FF 51 FF 3A FF 3A FF 
1A FF 1A FF 32 FF 32 FF F2 FE F2 FE 2A FF 2A FF 
8B FE 8B FE C3 FE C3 FE 5C FE 5C FE 83 FE 83 FE 
8B FE 8B FE AB FE AB FE EA FE EA FE BB FE BB FE 
CB FE CB FE 9B FE 9B FE 93 FE 93 FE 9B FE 9B FE 
B3 FE B3 FE AB FE AB FE AB FE AB FE C3 FE C3 FE 
A3 FE A3 FE E2 FE E2 FE 1A FF 1A FF FA FE FA FE 
61 FF 61 FF 89 FF 89 FF E0 FF E0 FF 17 00 17 00 
89 FF 89 FF E8 FF E8 FF A1 FF A1 FF 3F 00 3F 00 
27 00 27 00 5F 00 5F 00 86 00 86 00 08 00 08 00 
D6 00 D6 00 7E 00 7E 00 76 00 76 00 A6 00 A6 00 
8E 00 8E 00 CE 00 CE 00 7E 00 7E 00 ED 00 ED 00 
96 00 96 00 FD 00 FD 00 3D 01 3D 01 F5 00 F5 00 
64 01 64 01 3D 01 3D 01 6C 01 6C 01 0B 02 0B 02 
C3 01 C3 01 8C 01 8C 01 8C 01 8C 01 8C 01 8C 01 
94 01 94 01 8C 01 8C 01 7C 01 7C 01 4C 01 4C 01 
84 01 84 01 45 01 45 01 4C 01 4C 01 15 01 15 01 
2D 01 2D 01 B6 00 B6 00 96 00 96 00 5F 00 5F 00 
2F 00 2F 00 4F 00 4F 00 D8 FF D8 FF 8E 00 8E 00 
37 00 37 00 CE 00 CE 00 37 00 37 00 8E 00 8E 00 
6F 00 6F 00 57 00 57 00 3F 00 3F 00 17 00 17 00 
1F 00 1F 00 A1 FF A1 FF D8 FF D8 FF A1 FF A1 FF 
71 FF 71 FF 41 FF 41 FF 59 FF 59 FF 1A FF 1A FF 
22 FF 22 FF 12 FF 12 FF F2 FE F2 FE 8B FE 8B FE 
AB FE AB FE BB FE BB FE E2 FE E2 FE F2 FE F2 FE 
1A FF 1A FF 81 FF 81 FF 89 FF 89 FF 81 FF 81 FF 
B8 FF B8 FF C0 FF C0 FF A8 FF A8 FF 1F 00 1F 00 
F8 FF F8 FF 08 00 08 00 17 00 17 00 67 00 67 00 
08 00 08 00 57 00 57 00 96 00 96 00 7E 00 7E 00 
FD 00 FD 00 9E 00 9E 00 8E 00 8E 00 B6 00 B6 00 
4F 00 4F 00 67 00 67 00 F5 00 F5 00 C6 00 C6 00 
F5 00 F5 00 ED 00 ED 00 ED 00 ED 00 DE 00 DE 00 
0D 01 0D 01 1D 01 1D 01 3D 01 3D 01 DE 00 DE 00 
F5 00 F5 00 C6 00 C6 00 E5 00 E5 00 DE 00 DE 00 
96 00 96 00 96 00 96 00 4F 00 4F 00 76 00 76 00 
76 00 76 00 4F 00 4F 00 C0 FF C0 FF C8 FF C8 FF 
E0 FF E0 FF 91 FF 91 FF E8 FF E8 FF 61 FF 61 FF 
C0 FF C0 FF 91 FF 91 FF B8 FF B8 FF 99 FF 99 FF 
A8 FF A8 FF 3A FF 3A FF 89 FF 89 FF 71 FF 71 FF 
79 FF 79 FF A1 FF A1 FF F0 FF F0 FF D0 FF D0 FF 
B0 FF B0 FF C0 FF C0 FF 81 FF 81 FF B8 FF B8 FF 
F0 FF F0 FF 0F 00 0F 00 08 00 08 00 27 00 27 00 
27 00 27 00 4F 00 4F 00 4F 00 4F 00 27 00 27 00 
6F 00 6F 00 47 00 47 00 AE 00 AE 00 BE 00 BE 00 
9E 00 9E 00 D6 00 D6 00 9E 00 9E 00 AE 00 AE 00 
B6 00 B6 00 96 00 96 00 B6 00 B6 00 A6 00 A6 00 
B6 00 B6 00 CE 00 CE 00 8E 00 8E 00 8E 00 8E 00 
C6 00 C6 00 76 00 76 00 6F 00 6F 00 A6 00 A6 00 
76 00 76 00 86 00 86 00 37 00 37 00 57 00 57 00 
00 00 00 00 3F 00 3F 00 BE 00 BE 00 6F 00 6F 00 
25 01 25 01 67 00 67 00 A6 00 A6 00 A6 00 A6 00 
BE 00 BE 00 76 00 76 00 D6 00 D6 00 57 00 57 00 
67 00 67 00 5F 00 5F 00 47 00 47 00 27 00 27 00 
37 00 37 00 37 00 37 00 3F 00 3F 00 3F 00 3F 00 
1F 00 1F 00 F0 FF F0 FF 08 00 08 00 00 00 00 00 
D0 FF D0 FF D8 FF D8 FF 89 FF 89 FF 91 FF 91 FF 
D0 FF D0 FF 91 FF 91 FF 89 FF 89 FF 99 FF 99 FF 
C8 FF C8 FF 89 FF 89 FF 89 FF 89 FF 49 FF 49 FF 
59 FF 59 FF 22 FF 22 FF 51 FF 51 FF 1A FF 1A FF 
EA FE EA FE DA FE DA FE 1A FF 1A FF D2 FE D2 FE 
2A FF 2A FF DA FE DA FE 12 FF 12 FF CB FE CB FE 
22 FF 22 FF FA FE FA FE 41 FF 41 FF 1A FF 1A FF 
02 FF 02 FF 2A FF 2A FF FA FE FA FE 71 FF 71 FF 
32 FF 32 FF 51 FF 51 FF 91 FF 91 FF A8 FF A8 FF 
B0 FF B0 FF 91 FF 91 FF 81 FF 81 FF 69 FF 69 FF 
00 00 00 00 59 FF 59 FF 99 FF 99 FF 81 FF 81 FF 
32 FF 32 FF 3A FF 3A FF 59 FF 59 FF 51 FF 51 FF 
59 FF 59 FF 59 FF 59 FF 49 FF 49 FF F2 FE F2 FE 
49 FF 49 FF 12 FF 12 FF D2 FE D2 FE 2A FF 2A FF 
AB FE AB FE 0A FF 0A FF 7B FE 7B FE C3 FE C3 FE 
7B FE 7B FE 9B FE 9B FE B3 FE B3 FE 64 FE 64 FE 
CB FE CB FE 5C FE 5C FE 8B FE 8B FE 5C FE 5C FE 
6B FE 6B FE 3C FE 3C FE 7B FE 7B FE A3 FE A3 FE 
12 FF 12 FF 51 FF 51 FF 51 FF 51 FF 3A FF 3A FF 
02 FF 02 FF 41 FF 41 FF FA FE FA FE 3A FF 3A FF 
61 FF 61 FF 69 FF 69 FF B0 FF B0 FF E8 FF E8 FF 
F8 FF F8 FF B8 FF B8 FF E8 FF E8 FF F8 FF F8 FF 
2F 00 2F 00 D8 FF D8 FF 1F 00 1F 00 B8 FF B8 FF 
C8 FF C8 FF D0 FF D0 FF B0 FF B0 FF D8 FF D8 FF 
B0 FF B0 FF A8 FF A8 FF 91 FF 91 FF 89 FF 89 FF 
22 FF 22 FF 51 FF 51 FF 79 FF 79 FF 0A FF 0A FF 
2A FF 2A FF 1A FF 1A FF 22 FF 22 FF 69 FF 69 FF 
79 FF 79 FF 69 FF 69 FF 89 FF 89 FF 99 FF 99 FF 
89 FF 89 FF C0 FF C0 FF 00 00 00 00 91 FF 91 FF 
A1 FF A1 FF E8 FF E8 FF A1 FF A1 FF E0 FF E0 FF 
D8 FF D8 FF E0 FF E0 FF 3F 00 3F 00 E8 FF E8 FF 
00 00 00 00 F8 FF F8 FF 27 00 27 00 F8 FF F8 FF 
00 00 00 00 E0 FF E0 FF C8 FF C8 FF A8 FF A8 FF 
D0 FF D0 FF 69 FF 69 FF A1 FF A1 FF 79 FF 79 FF 
B8 FF B8 FF 99 FF 99 FF A8 FF A8 FF 89 FF 89 FF 
99 FF 99 FF 69 FF 69 FF 79 FF 79 FF 89 FF 89 FF 
59 FF 59 FF 41 FF 41 FF F2 FE F2 FE E2 FE E2 FE 
DA FE DA FE BB FE BB FE 12 FF 12 FF 0A FF 0A FF 
FA FE FA FE 22 FF 22 FF 02 FF 02 FF F2 FE F2 FE 
02 FF 02 FF AB FE AB FE FA FE FA FE FA FE FA FE 
0A FF 0A FF DA FE DA FE 2A FF 2A FF 22 FF 22 FF 
12 FF 12 FF 02 FF 02 FF FA FE FA FE 1A FF 1A FF 
69 FF 69 FF 49 FF 49 FF 59 FF 59 FF 02 FF 02 FF 
D2 FE D2 FE CB FE CB FE E2 FE E2 FE E2 FE E2 FE 
B3 FE B3 FE F2 FE F2 FE 02 FF 02 FF CB FE CB FE 
2A FF 2A FF F2 FE F2 FE 51 FF 51 FF EA FE EA FE 
12 FF 12 FF 22 FF 22 FF EA FE EA FE 91 FF 91 FF 
22 FF 22 FF 2A FF 2A FF 51 FF 51 FF 1A FF 1A FF 
51 FF 51 FF 32 FF 32 FF 49 FF 49 FF 51 FF 51 FF 
12 FF 12 FF 51 FF 51 FF DA FE DA FE 0A FF 0A FF 
02 FF 02 FF 2A FF 2A FF 32 FF 32 FF 2A FF 2A FF 
32 FF 32 FF E2 FE E2 FE F2 FE F2 FE 81 FF 81 FF 
3A FF 3A FF 69 FF 69 FF 81 FF 81 FF 3A FF 3A FF 
59 FF 59 FF 32 FF 32 FF 99 FF 99 FF 59 FF 59 FF 
D8 FF D8 FF C8 FF C8 FF 59 FF 59 FF 51 FF 51 FF 
51 FF 51 FF 99 FF 99 FF 79 FF 79 FF 69 FF 69 FF 
61 FF 61 FF 69 FF 69 FF 51 FF 51 FF 91 FF 91 FF 
E8 FF E8 FF 00 00 00 00 D8 FF D8 FF 00 00 00 00 
C8 FF C8 FF D8 FF D8 FF C0 FF C0 FF C0 FF C0 FF 
C0 FF C0 FF D8 FF D8 FF B0 FF B0 FF D8 FF D8 FF 
A8 FF A8 FF A1 FF A1 FF A8 FF A8 FF 79 FF 79 FF 
3A FF 3A FF 91 FF 91 FF 79 FF 79 FF 51 FF 51 FF 
B8 FF B8 FF 22 FF 22 FF 71 FF 71 FF 3A FF 3A FF 
51 FF 51 FF 71 FF 71 FF 69 FF 69 FF 51 FF 51 FF 
59 FF 59 FF 71 FF 71 FF 59 FF 59 FF 61 FF 61 FF 
F0 FF F0 FF 89 FF 89 FF 99 FF 99 FF C0 FF C0 FF 
69 FF 69 FF B8 FF B8 FF 91 FF 91 FF 81 FF 81 FF 
69 FF 69 FF B8 FF B8 FF 59 FF 59 FF 71 FF 71 FF 
51 FF 51 FF 69 FF 69 FF 61 FF 61 FF 79 FF 79 FF 
32 FF 32 FF 22 FF 22 FF A1 FF A1 FF A1 FF A1 FF 
C8 FF C8 FF 89 FF 89 FF 61 FF 61 FF A8 FF A8 FF 
91 FF 91 FF C0 FF C0 FF B8 FF B8 FF D0 FF D0 FF 
F0 FF F0 FF D0 FF D0 FF 91 FF 91 FF A8 FF A8 FF 
59 FF 59 FF 2A FF 2A FF 71 FF 71 FF 51 FF 51 FF 
51 FF 51 FF A1 FF A1 FF 91 FF 91 FF E0 FF E0 FF 
E0 FF E0 FF B8 FF B8 FF C8 FF C8 FF B8 FF B8 FF 
F0 FF F0 FF 00 00 00 00 C8 FF C8 FF B8 FF B8 FF 
A1 FF A1 FF A8 FF A8 FF F8 FF F8 FF 27 00 27 00 
E0 FF E0 FF 17 00 17 00 E8 FF E8 FF D0 FF D0 FF 
F8 FF F8 FF 2F 00 2F 00 F8 FF F8 FF 5F 00 5F 00 
37 00 37 00 5F 00 5F 00 1F 00 1F 00 4F 00 4F 00 
57 00 57 00 67 00 67 00 27 00 27 00 76 00 76 00 
47 00 47 00 4F 00 4F 00 67 00 67 00 47 00 47 00 
76 00 76 00 96 00 96 00 17 00 17 00 37 00 37 00 
08 00 08 00 5F 00 5F 00 3F 00 3F 00 5F 00 5F 00 
67 00 67 00 57 00 57 00 08 00 08 00 2F 00 2F 00 
F8 FF F8 FF 37 00 37 00 E8 FF E8 FF E8 FF E8 FF 
A1 FF A1 FF B8 FF B8 FF 99 FF 99 FF 08 00 08 00 
C8 FF C8 FF 99 FF 99 FF A1 FF A1 FF A1 FF A1 FF 
91 FF 91 FF 49 FF 49 FF 99 FF 99 FF 59 FF 59 FF 
69 FF 69 FF 51 FF 51 FF 71 FF 71 FF A1 FF A1 FF 
51 FF 51 FF 81 FF 81 FF A8 FF A8 FF 2A FF 2A FF 
B0 FF B0 FF 51 FF 51 FF 51 FF 51 FF 71 FF 71 FF 
79 FF 79 FF 89 FF 89 FF 91 FF 91 FF 51 FF 51 FF 
A8 FF A8 FF 49 FF 49 FF F0 FF F0 FF 22 FF 22 FF 
59 FF 59 FF 59 FF 59 FF 69 FF 69 FF 59 FF 59 FF 
B0 FF B0 FF 71 FF 71 FF C0 FF C0 FF 3A FF 3A FF 
C0 FF C0 FF E0 FF E0 FF C0 FF C0 FF F8 FF F8 FF 
B0 FF B0 FF C0 FF C0 FF D0 FF D0 FF 00 00 00 00 
08 00 08 00 08 00 08 00 27 00 27 00 67 00 67 00 
47 00 47 00 2F 00 2F 00 5F 00 5F 00 57 00 57 00 
6F 00 6F 00 6F 00 6F 00 3F 00 3F 00 00 00 00 00 
27 00 27 00 0F 00 0F 00 1F 00 1F 00 00 00 00 00 
2F 00 2F 00 A8 FF A8 FF C8 FF C8 FF C0 FF C0 FF 
C8 FF C8 FF C0 FF C0 FF 89 FF 89 FF A8 FF A8 FF 
08 00 08 00 00 00 00 00 E8 FF E8 FF 37 00 37 00 
00 00 00 00 67 00 67 00 00 00 00 00 08 00 08 00 
27 00 27 00 17 00 17 00 1F 00 1F 00 2F 00 2F 00 
F0 FF F0 FF 08 00 08 00 08 00 08 00 17 00 17 00 
76 00 76 00 57 00 57 00 0F 00 0F 00 E0 FF E0 FF 
D0 FF D0 FF C0 FF C0 FF 00 00 00 00 F8 FF F8 FF 
D0 FF D0 FF E0 FF E0 FF B8 FF B8 FF 99 FF 99 FF 
79 FF 79 FF 71 FF 71 FF 89 FF 89 FF 49 FF 49 FF 
FA FE FA FE D2 FE D2 FE D2 FE D2 FE 49 FF 49 FF 
61 FF 61 FF 49 FF 49 FF 51 FF 51 FF 32 FF 32 FF 
2A FF 2A FF 51 FF 51 FF 71 FF 71 FF 12 FF 12 FF 
69 FF 69 FF 22 FF 22 FF B8 FF B8 FF B8 FF B8 FF 
B0 FF B0 FF 37 00 37 00 27 00 27 00 4F 00 4F 00 
8E 00 8E 00 96 00 96 00 67 00 67 00 86 00 86 00 
17 00 17 00 A6 00 A6 00 4F 00 4F 00 3F 00 3F 00 
67 00 67 00 17 00 17 00 8E 00 8E 00 6F 00 6F 00 
76 00 76 00 67 00 67 00 A6 00 A6 00 57 00 57 00 
A6 00 A6 00 57 00 57 00 1F 00 1F 00 E0 FF E0 FF 
2F 00 2F 00 C8 FF C8 FF E8 FF E8 FF C0 FF C0 FF 
B8 FF B8 FF C8 FF C8 FF 17 00 17 00 F8 FF F8 FF 
C0 FF C0 FF E0 FF E0 FF C0 FF C0 FF 00 00 00 00 
0F 00 0F 00 0F 00 0F 00 F8 FF F8 FF 4F 00 4F 00 
67 00 67 00 1F 00 1F 00 47 00 47 00 E8 FF E8 FF 
D8 FF D8 FF 17 00 17 00 17 00 17 00 AE 00 AE 00 
67 00 67 00 57 00 57 00 67 00 67 00 E8 FF E8 FF 
76 00 76 00 47 00 47 00 67 00 67 00 3F 00 3F 00 
2F 00 2F 00 00 00 00 00 17 00 17 00 F0 FF F0 FF 
E8 FF E8 FF C0 FF C0 FF F8 FF F8 FF E8 FF E8 FF 
00 00 00 00 89 FF 89 FF B0 FF B0 FF 69 FF 69 FF 
D0 FF D0 FF 91 FF 91 FF 12 FF 12 FF 79 FF 79 FF 
51 FF 51 FF 71 FF 71 FF 59 FF 59 FF 79 FF 79 FF 
32 FF 32 FF 61 FF 61 FF 49 FF 49 FF E8 FF E8 FF 
41 FF 41 FF 59 FF 59 FF 51 FF 51 FF C0 FF C0 FF 
71 FF 71 FF 22 FF 22 FF A1 FF A1 FF 32 FF 32 FF 
49 FF 49 FF A1 FF A1 FF C8 FF C8 FF A8 FF A8 FF 
F0 FF F0 FF 00 00 00 00 08 00 08 00 99 FF 99 FF 
99 FF 99 FF E0 FF E0 FF A8 FF A8 FF 17 00 17 00 
D8 FF D8 FF C0 FF C0 FF D0 FF D0 FF E8 FF E8 FF 
2F 00 2F 00 E8 FF E8 FF 27 00 27 00 3F 00 3F 00 
5F 00 5F 00 37 00 37 00 4F 00 4F 00 A6 00 A6 00 
BE 00 BE 00 AE 00 AE 00 47 00 47 00 5F 00 5F 00 
7E 00 7E 00 8E 00 8E 00 B6 00 B6 00 86 00 86 00 
7E 00 7E 00 C6 00 C6 00 05 01 05 01 0D 01 0D 01 
D6 00 D6 00 0D 01 0D 01 FD 00 FD 00 FD 00 FD 00 
F5 00 F5 00 E5 00 E5 00 25 01 25 01 ED 00 ED 00 
C6 00 C6 00 F5 00 F5 00 25 01 25 01 B6 00 B6 00 
05 01 05 01 0D 01 0D 01 C6 00 C6 00 BE 00 BE 00 
B6 00 B6 00 A6 00 A6 00 57 00 57 00 AE 00 AE 00 
76 00 76 00 5F 00 5F 00 AE 00 AE 00 86 00 86 00 
A6 00 A6 00 7E 00 7E 00 A6 00 A6 00 96 00 96 00 
6F 00 6F 00 76 00 76 00 8E 00 8E 00 5F 00 5F 00 
3F 00 3F 00 37 00 37 00 F8 FF F8 FF 37 00 37 00 
17 00 17 00 00 00 00 00 D8 FF D8 FF D8 FF D8 FF 
D0 FF D0 FF C0 FF C0 FF B0 FF B0 FF B0 FF B0 FF 
C0 FF C0 FF 71 FF 71 FF D8 FF D8 FF 71 FF 71 FF 
00 00 00 00 E8 FF E8 FF 0F 00 0F 00 F8 FF F8 FF 
00 00 00 00 E8 FF E8 FF 96 00 96 00 37 00 37 00 
8E 00 8E 00 47 00 47 00 00 00 00 00 9E 00 9E 00 
5F 00 5F 00 96 00 96 00 8E 00 8E 00 4F 00 4F 00 
7E 00 7E 00 96 00 96 00 FD 00 FD 00 E5 00 E5 00 
DE 00 DE 00 E5 00 E5 00 25 01 25 01 05 01 05 01 
4C 01 4C 01 96 00 96 00 8E 00 8E 00 BE 00 BE 00 
67 00 67 00 D6 00 D6 00 67 00 67 00 47 00 47 00 
5F 00 5F 00 7E 00 7E 00 4F 00 4F 00 67 00 67 00 
47 00 47 00 8E 00 8E 00 6F 00 6F 00 C6 00 C6 00 
7E 00 7E 00 7E 00 7E 00 A6 00 A6 00 CE 00 CE 00 
DE 00 DE 00 BE 00 BE 00 B6 00 B6 00 AE 00 AE 00 
DE 00 DE 00 BE 00 BE 00 86 00 86 00 2F 00 2F 00 
AE 00 AE 00 86 00 86 00 6F 00 6F 00 86 00 86 00 
57 00 57 00 17 00 17 00 47 00 47 00 37 00 37 00 
37 00 37 00 2F 00 2F 00 47 00 47 00 00 00 00 00 
3F 00 3F 00 67 00 67 00 17 00 17 00 2F 00 2F 00 
17 00 17 00 E0 FF E0 FF F8 FF F8 FF D8 FF D8 FF 
89 FF 89 FF D0 FF D0 FF B8 FF B8 FF C0 FF C0 FF 
B0 FF B0 FF 61 FF 61 FF 81 FF 81 FF 3A FF 3A FF 
71 FF 71 FF 69 FF 69 FF 32 FF 32 FF 51 FF 51 FF 
81 FF 81 FF 71 FF 71 FF B0 FF B0 FF 89 FF 89 FF 
89 FF 89 FF 71 FF 71 FF A1 FF A1 FF C0 FF C0 FF 
99 FF 99 FF 91 FF 91 FF 81 FF 81 FF 59 FF 59 FF 
E8 FF E8 FF A1 FF A1 FF C8 FF C8 FF 51 FF 51 FF 
99 FF 99 FF C0 FF C0 FF 71 FF 71 FF 2A FF 2A FF 
59 FF 59 FF 3A FF 3A FF 1A FF 1A FF 61 FF 61 FF 
2A FF 2A FF 41 FF 41 FF 71 FF 71 FF 1A FF 1A FF 
41 FF 41 FF 61 FF 61 FF 0A FF 0A FF 59 FF 59 FF 
0A FF 0A FF 51 FF 51 FF 3A FF 3A FF 51 FF 51 FF 
3A FF 3A FF 69 FF 69 FF 41 FF 41 FF 41 FF 41 FF 
22 FF 22 FF 49 FF 49 FF 3A FF 3A FF B8 FF B8 FF 
59 FF 59 FF 81 FF 81 FF 49 FF 49 FF 61 FF 61 FF 
71 FF 71 FF 89 FF 89 FF 79 FF 79 FF 51 FF 51 FF 
81 FF 81 FF 2A FF 2A FF 71 FF 71 FF 61 FF 61 FF 
E8 FF E8 FF 61 FF 61 FF E0 FF E0 FF A8 FF A8 FF 
79 FF 79 FF 79 FF 79 FF A8 FF A8 FF 81 FF 81 FF 
0F 00 0F 00 B8 FF B8 FF A1 FF A1 FF 69 FF 69 FF 
B8 FF B8 FF 71 FF 71 FF 41 FF 41 FF 51 FF 51 FF 

-----------------------------------------------
Date: 26.02.2019 - 20:09:12
End log file
